{"C:\\sprintOne\\film-api\\app\\models\\film.js":{"path":"C:\\sprintOne\\film-api\\app\\models\\film.js","s":{"1":1,"2":1,"3":1,"4":1,"5":22,"6":22,"7":1,"8":22,"9":1},"b":{"1":[1,21]},"f":{},"fnMap":{},"statementMap":{"1":{"start":{"line":1,"column":0},"end":{"line":1,"column":35}},"2":{"start":{"line":2,"column":0},"end":{"line":2,"column":29}},"3":{"start":{"line":5,"column":0},"end":{"line":24,"column":2}},"4":{"start":{"line":27,"column":0},"end":{"line":33,"column":3}},"5":{"start":{"line":28,"column":2},"end":{"line":28,"column":19}},"6":{"start":{"line":29,"column":2},"end":{"line":31,"column":3}},"7":{"start":{"line":30,"column":4},"end":{"line":30,"column":25}},"8":{"start":{"line":32,"column":2},"end":{"line":32,"column":9}},"9":{"start":{"line":36,"column":0},"end":{"line":36,"column":52}}},"branchMap":{"1":{"line":29,"type":"if","locations":[{"start":{"line":29,"column":2},"end":{"line":29,"column":2}},{"start":{"line":29,"column":2},"end":{"line":29,"column":2}}]}}},"C:\\sprintOne\\film-api\\server.js":{"path":"C:\\sprintOne\\film-api\\server.js","s":{"1":1,"2":1,"3":1,"4":1,"5":1,"6":1,"7":1,"8":1,"9":1,"10":1,"11":1,"12":1,"13":1,"14":1,"15":1,"16":0,"17":0,"18":0,"19":1,"20":1,"21":1,"22":1,"23":1,"24":1,"25":0,"26":1,"27":1,"28":1,"29":1,"30":1,"31":1,"32":0,"33":1,"34":0,"35":0,"36":0,"37":0,"38":0,"39":0,"40":1,"41":0,"42":0,"43":0,"44":0,"45":0,"46":1,"47":1,"48":1,"49":1,"50":1,"51":1,"52":1,"53":1,"54":1},"b":{"1":[0,1],"2":[0,0],"3":[0,0]},"f":{"1":0,"2":0,"3":0,"4":0,"5":0,"6":0,"7":0},"fnMap":{"1":{"name":"(anonymous_1)","line":21,"loc":{"start":{"line":21,"column":10},"end":{"line":21,"column":41}}},"2":{"name":"(anonymous_2)","line":24,"loc":{"start":{"line":24,"column":21},"end":{"line":24,"column":37}}},"3":{"name":"(anonymous_3)","line":27,"loc":{"start":{"line":27,"column":24},"end":{"line":27,"column":40}}},"4":{"name":"(anonymous_4)","line":59,"loc":{"start":{"line":59,"column":26},"end":{"line":59,"column":52}}},"5":{"name":"(anonymous_5)","line":71,"loc":{"start":{"line":71,"column":34},"end":{"line":71,"column":49}}},"6":{"name":"(anonymous_6)","line":81,"loc":{"start":{"line":81,"column":14},"end":{"line":81,"column":34}}},"7":{"name":"(anonymous_7)","line":83,"loc":{"start":{"line":83,"column":22},"end":{"line":83,"column":37}}}},"statementMap":{"1":{"start":{"line":1,"column":0},"end":{"line":1,"column":33}},"2":{"start":{"line":2,"column":0},"end":{"line":2,"column":31}},"3":{"start":{"line":3,"column":0},"end":{"line":3,"column":20}},"4":{"start":{"line":4,"column":0},"end":{"line":4,"column":35}},"5":{"start":{"line":5,"column":0},"end":{"line":5,"column":31}},"6":{"start":{"line":6,"column":0},"end":{"line":6,"column":29}},"7":{"start":{"line":7,"column":0},"end":{"line":7,"column":40}},"8":{"start":{"line":8,"column":0},"end":{"line":8,"column":16}},"9":{"start":{"line":9,"column":0},"end":{"line":9,"column":40}},"10":{"start":{"line":10,"column":0},"end":{"line":10,"column":31}},"11":{"start":{"line":11,"column":0},"end":{"line":11,"column":27}},"12":{"start":{"line":14,"column":0},"end":{"line":14,"column":23}},"13":{"start":{"line":15,"column":0},"end":{"line":15,"column":33}},"14":{"start":{"line":17,"column":0},"end":{"line":17,"column":16}},"15":{"start":{"line":19,"column":0},"end":{"line":30,"column":4}},"16":{"start":{"line":22,"column":4},"end":{"line":22,"column":20}},"17":{"start":{"line":25,"column":4},"end":{"line":25,"column":56}},"18":{"start":{"line":28,"column":4},"end":{"line":28,"column":63}},"19":{"start":{"line":32,"column":0},"end":{"line":32,"column":39}},"20":{"start":{"line":34,"column":0},"end":{"line":37,"column":16}},"21":{"start":{"line":39,"column":0},"end":{"line":39,"column":41}},"22":{"start":{"line":40,"column":0},"end":{"line":40,"column":29}},"23":{"start":{"line":41,"column":0},"end":{"line":41,"column":65}},"24":{"start":{"line":44,"column":0},"end":{"line":47,"column":1}},"25":{"start":{"line":46,"column":4},"end":{"line":46,"column":32}},"26":{"start":{"line":50,"column":0},"end":{"line":50,"column":27}},"27":{"start":{"line":51,"column":0},"end":{"line":51,"column":49}},"28":{"start":{"line":52,"column":0},"end":{"line":52,"column":27}},"29":{"start":{"line":53,"column":0},"end":{"line":53,"column":54}},"30":{"start":{"line":55,"column":0},"end":{"line":55,"column":57}},"31":{"start":{"line":57,"column":0},"end":{"line":57,"column":77}},"32":{"start":{"line":57,"column":27},"end":{"line":57,"column":75}},"33":{"start":{"line":59,"column":0},"end":{"line":79,"column":3}},"34":{"start":{"line":61,"column":2},"end":{"line":68,"column":4}},"35":{"start":{"line":70,"column":2},"end":{"line":70,"column":33}},"36":{"start":{"line":71,"column":2},"end":{"line":77,"column":5}},"37":{"start":{"line":72,"column":4},"end":{"line":76,"column":5}},"38":{"start":{"line":73,"column":6},"end":{"line":73,"column":16}},"39":{"start":{"line":75,"column":6},"end":{"line":75,"column":37}},"40":{"start":{"line":81,"column":0},"end":{"line":92,"column":2}},"41":{"start":{"line":82,"column":5},"end":{"line":82,"column":19}},"42":{"start":{"line":83,"column":5},"end":{"line":91,"column":5}},"43":{"start":{"line":84,"column":8},"end":{"line":90,"column":6}},"44":{"start":{"line":86,"column":10},"end":{"line":86,"column":27}},"45":{"start":{"line":89,"column":8},"end":{"line":89,"column":37}},"46":{"start":{"line":94,"column":0},"end":{"line":96,"column":25}},"47":{"start":{"line":97,"column":0},"end":{"line":100,"column":26}},"48":{"start":{"line":101,"column":0},"end":{"line":102,"column":32}},"49":{"start":{"line":103,"column":0},"end":{"line":104,"column":32}},"50":{"start":{"line":105,"column":0},"end":{"line":106,"column":31}},"51":{"start":{"line":107,"column":0},"end":{"line":108,"column":38}},"52":{"start":{"line":110,"column":0},"end":{"line":110,"column":17}},"53":{"start":{"line":111,"column":0},"end":{"line":111,"column":41}},"54":{"start":{"line":113,"column":0},"end":{"line":113,"column":21}}},"branchMap":{"1":{"line":44,"type":"if","locations":[{"start":{"line":44,"column":0},"end":{"line":44,"column":0}},{"start":{"line":44,"column":0},"end":{"line":44,"column":0}}]},"2":{"line":72,"type":"if","locations":[{"start":{"line":72,"column":4},"end":{"line":72,"column":4}},{"start":{"line":72,"column":4},"end":{"line":72,"column":4}}]},"3":{"line":84,"type":"if","locations":[{"start":{"line":84,"column":8},"end":{"line":84,"column":8}},{"start":{"line":84,"column":8},"end":{"line":84,"column":8}}]}}},"C:\\sprintOne\\film-api\\app\\routes\\film.js":{"path":"C:\\sprintOne\\film-api\\app\\routes\\film.js","s":{"1":1,"2":1,"3":1,"4":1,"5":2,"6":2,"7":2,"8":0,"9":2,"10":1,"11":1,"12":1,"13":1,"14":4,"15":4,"16":4,"17":2,"18":2,"19":1,"20":3,"21":3,"22":1,"23":2,"24":1,"25":1,"26":1,"27":1,"28":2,"29":2,"30":2,"31":0,"32":2,"33":1,"34":1,"35":1,"36":1,"37":2,"38":2,"39":2,"40":0,"41":2,"42":1,"43":1,"44":1,"45":1,"46":3,"47":3,"48":3,"49":1,"50":2,"51":1,"52":1,"53":2,"54":1,"55":3,"56":3,"57":3,"58":1,"59":2,"60":1,"61":1,"62":2,"63":1,"64":3,"65":3,"66":1,"67":2,"68":1,"69":1,"70":1,"71":1,"72":1,"73":3,"74":3,"75":1,"76":2,"77":1,"78":1,"79":1,"80":1,"81":0,"82":0,"83":1,"84":1},"b":{"1":[0,2],"2":[1,1],"3":[2,2],"4":[1,2],"5":[1,1],"6":[0,2],"7":[1,1],"8":[0,2],"9":[1,1],"10":[1,2],"11":[1,1],"12":[1,2],"13":[1,1],"14":[1,2],"15":[1,1],"16":[1,2],"17":[1,1],"18":[0,1]},"f":{"1":2,"2":4,"3":3,"4":2,"5":2,"6":3,"7":3,"8":3,"9":3},"fnMap":{"1":{"name":"getFilms","line":10,"loc":{"start":{"line":10,"column":0},"end":{"line":10,"column":34}}},"2":{"name":"postFilm","line":27,"loc":{"start":{"line":27,"column":0},"end":{"line":27,"column":28}}},"3":{"name":"getFilm","line":44,"loc":{"start":{"line":44,"column":0},"end":{"line":44,"column":33}}},"4":{"name":"getFilmByTitle","line":60,"loc":{"start":{"line":60,"column":0},"end":{"line":60,"column":40}}},"5":{"name":"getFilmByGenre","line":75,"loc":{"start":{"line":75,"column":0},"end":{"line":75,"column":40}}},"6":{"name":"getFilmByYear","line":90,"loc":{"start":{"line":90,"column":0},"end":{"line":90,"column":39}}},"7":{"name":"getFilmByCertificate","line":105,"loc":{"start":{"line":105,"column":0},"end":{"line":105,"column":46}}},"8":{"name":"deleteFilm","line":123,"loc":{"start":{"line":123,"column":0},"end":{"line":123,"column":36}}},"9":{"name":"updateFilm","line":142,"loc":{"start":{"line":142,"column":0},"end":{"line":142,"column":36}}}},"statementMap":{"1":{"start":{"line":1,"column":0},"end":{"line":1,"column":35}},"2":{"start":{"line":2,"column":0},"end":{"line":2,"column":37}},"3":{"start":{"line":5,"column":0},"end":{"line":5,"column":39}},"4":{"start":{"line":10,"column":0},"end":{"line":22,"column":1}},"5":{"start":{"line":12,"column":4},"end":{"line":12,"column":30}},"6":{"start":{"line":13,"column":4},"end":{"line":21,"column":7}},"7":{"start":{"line":14,"column":8},"end":{"line":14,"column":30}},"8":{"start":{"line":14,"column":16},"end":{"line":14,"column":30}},"9":{"start":{"line":15,"column":8},"end":{"line":18,"column":9}},"10":{"start":{"line":16,"column":10},"end":{"line":16,"column":61}},"11":{"start":{"line":17,"column":10},"end":{"line":17,"column":24}},"12":{"start":{"line":20,"column":8},"end":{"line":20,"column":24}},"13":{"start":{"line":27,"column":0},"end":{"line":39,"column":1}},"14":{"start":{"line":29,"column":4},"end":{"line":29,"column":37}},"15":{"start":{"line":31,"column":4},"end":{"line":38,"column":7}},"16":{"start":{"line":32,"column":8},"end":{"line":37,"column":9}},"17":{"start":{"line":33,"column":12},"end":{"line":33,"column":38}},"18":{"start":{"line":36,"column":12},"end":{"line":36,"column":68}},"19":{"start":{"line":44,"column":0},"end":{"line":58,"column":1}},"20":{"start":{"line":45,"column":4},"end":{"line":57,"column":7}},"21":{"start":{"line":46,"column":8},"end":{"line":56,"column":7}},"22":{"start":{"line":47,"column":12},"end":{"line":47,"column":38}},"23":{"start":{"line":49,"column":13},"end":{"line":56,"column":7}},"24":{"start":{"line":50,"column":10},"end":{"line":50,"column":61}},"25":{"start":{"line":51,"column":10},"end":{"line":51,"column":24}},"26":{"start":{"line":55,"column":10},"end":{"line":55,"column":25}},"27":{"start":{"line":60,"column":0},"end":{"line":73,"column":1}},"28":{"start":{"line":62,"column":2},"end":{"line":62,"column":50}},"29":{"start":{"line":63,"column":2},"end":{"line":72,"column":5}},"30":{"start":{"line":64,"column":4},"end":{"line":70,"column":5}},"31":{"start":{"line":65,"column":8},"end":{"line":65,"column":34}},"32":{"start":{"line":67,"column":9},"end":{"line":70,"column":5}},"33":{"start":{"line":68,"column":6},"end":{"line":68,"column":57}},"34":{"start":{"line":69,"column":6},"end":{"line":69,"column":20}},"35":{"start":{"line":71,"column":6},"end":{"line":71,"column":22}},"36":{"start":{"line":75,"column":0},"end":{"line":88,"column":1}},"37":{"start":{"line":77,"column":2},"end":{"line":77,"column":50}},"38":{"start":{"line":78,"column":2},"end":{"line":87,"column":5}},"39":{"start":{"line":79,"column":4},"end":{"line":85,"column":5}},"40":{"start":{"line":80,"column":8},"end":{"line":80,"column":34}},"41":{"start":{"line":82,"column":9},"end":{"line":85,"column":5}},"42":{"start":{"line":83,"column":6},"end":{"line":83,"column":57}},"43":{"start":{"line":84,"column":6},"end":{"line":84,"column":20}},"44":{"start":{"line":86,"column":6},"end":{"line":86,"column":22}},"45":{"start":{"line":90,"column":0},"end":{"line":103,"column":1}},"46":{"start":{"line":92,"column":2},"end":{"line":92,"column":48}},"47":{"start":{"line":93,"column":2},"end":{"line":102,"column":5}},"48":{"start":{"line":94,"column":4},"end":{"line":100,"column":5}},"49":{"start":{"line":95,"column":8},"end":{"line":95,"column":34}},"50":{"start":{"line":97,"column":9},"end":{"line":100,"column":5}},"51":{"start":{"line":98,"column":6},"end":{"line":98,"column":57}},"52":{"start":{"line":99,"column":6},"end":{"line":99,"column":20}},"53":{"start":{"line":101,"column":6},"end":{"line":101,"column":22}},"54":{"start":{"line":105,"column":0},"end":{"line":118,"column":1}},"55":{"start":{"line":107,"column":2},"end":{"line":107,"column":62}},"56":{"start":{"line":108,"column":2},"end":{"line":117,"column":5}},"57":{"start":{"line":109,"column":4},"end":{"line":115,"column":5}},"58":{"start":{"line":110,"column":8},"end":{"line":110,"column":34}},"59":{"start":{"line":112,"column":9},"end":{"line":115,"column":5}},"60":{"start":{"line":113,"column":6},"end":{"line":113,"column":57}},"61":{"start":{"line":114,"column":6},"end":{"line":114,"column":20}},"62":{"start":{"line":116,"column":6},"end":{"line":116,"column":22}},"63":{"start":{"line":123,"column":0},"end":{"line":137,"column":1}},"64":{"start":{"line":124,"column":2},"end":{"line":136,"column":5}},"65":{"start":{"line":125,"column":6},"end":{"line":135,"column":5}},"66":{"start":{"line":126,"column":10},"end":{"line":126,"column":36}},"67":{"start":{"line":128,"column":11},"end":{"line":135,"column":5}},"68":{"start":{"line":129,"column":8},"end":{"line":129,"column":59}},"69":{"start":{"line":130,"column":8},"end":{"line":130,"column":22}},"70":{"start":{"line":132,"column":6},"end":{"line":134,"column":9}},"71":{"start":{"line":133,"column":10},"end":{"line":133,"column":70}},"72":{"start":{"line":142,"column":0},"end":{"line":162,"column":1}},"73":{"start":{"line":143,"column":4},"end":{"line":161,"column":7}},"74":{"start":{"line":144,"column":6},"end":{"line":160,"column":7}},"75":{"start":{"line":145,"column":10},"end":{"line":145,"column":36}},"76":{"start":{"line":147,"column":11},"end":{"line":160,"column":7}},"77":{"start":{"line":148,"column":8},"end":{"line":148,"column":59}},"78":{"start":{"line":149,"column":8},"end":{"line":149,"column":22}},"79":{"start":{"line":153,"column":8},"end":{"line":159,"column":11}},"80":{"start":{"line":154,"column":12},"end":{"line":157,"column":13}},"81":{"start":{"line":155,"column":14},"end":{"line":155,"column":40}},"82":{"start":{"line":156,"column":14},"end":{"line":156,"column":28}},"83":{"start":{"line":158,"column":12},"end":{"line":158,"column":57}},"84":{"start":{"line":165,"column":0},"end":{"line":165,"column":142}}},"branchMap":{"1":{"line":14,"type":"if","locations":[{"start":{"line":14,"column":8},"end":{"line":14,"column":8}},{"start":{"line":14,"column":8},"end":{"line":14,"column":8}}]},"2":{"line":15,"type":"if","locations":[{"start":{"line":15,"column":8},"end":{"line":15,"column":8}},{"start":{"line":15,"column":8},"end":{"line":15,"column":8}}]},"3":{"line":32,"type":"if","locations":[{"start":{"line":32,"column":8},"end":{"line":32,"column":8}},{"start":{"line":32,"column":8},"end":{"line":32,"column":8}}]},"4":{"line":46,"type":"if","locations":[{"start":{"line":46,"column":8},"end":{"line":46,"column":8}},{"start":{"line":46,"column":8},"end":{"line":46,"column":8}}]},"5":{"line":49,"type":"if","locations":[{"start":{"line":49,"column":13},"end":{"line":49,"column":13}},{"start":{"line":49,"column":13},"end":{"line":49,"column":13}}]},"6":{"line":64,"type":"if","locations":[{"start":{"line":64,"column":4},"end":{"line":64,"column":4}},{"start":{"line":64,"column":4},"end":{"line":64,"column":4}}]},"7":{"line":67,"type":"if","locations":[{"start":{"line":67,"column":9},"end":{"line":67,"column":9}},{"start":{"line":67,"column":9},"end":{"line":67,"column":9}}]},"8":{"line":79,"type":"if","locations":[{"start":{"line":79,"column":4},"end":{"line":79,"column":4}},{"start":{"line":79,"column":4},"end":{"line":79,"column":4}}]},"9":{"line":82,"type":"if","locations":[{"start":{"line":82,"column":9},"end":{"line":82,"column":9}},{"start":{"line":82,"column":9},"end":{"line":82,"column":9}}]},"10":{"line":94,"type":"if","locations":[{"start":{"line":94,"column":4},"end":{"line":94,"column":4}},{"start":{"line":94,"column":4},"end":{"line":94,"column":4}}]},"11":{"line":97,"type":"if","locations":[{"start":{"line":97,"column":9},"end":{"line":97,"column":9}},{"start":{"line":97,"column":9},"end":{"line":97,"column":9}}]},"12":{"line":109,"type":"if","locations":[{"start":{"line":109,"column":4},"end":{"line":109,"column":4}},{"start":{"line":109,"column":4},"end":{"line":109,"column":4}}]},"13":{"line":112,"type":"if","locations":[{"start":{"line":112,"column":9},"end":{"line":112,"column":9}},{"start":{"line":112,"column":9},"end":{"line":112,"column":9}}]},"14":{"line":125,"type":"if","locations":[{"start":{"line":125,"column":6},"end":{"line":125,"column":6}},{"start":{"line":125,"column":6},"end":{"line":125,"column":6}}]},"15":{"line":128,"type":"if","locations":[{"start":{"line":128,"column":11},"end":{"line":128,"column":11}},{"start":{"line":128,"column":11},"end":{"line":128,"column":11}}]},"16":{"line":144,"type":"if","locations":[{"start":{"line":144,"column":6},"end":{"line":144,"column":6}},{"start":{"line":144,"column":6},"end":{"line":144,"column":6}}]},"17":{"line":147,"type":"if","locations":[{"start":{"line":147,"column":11},"end":{"line":147,"column":11}},{"start":{"line":147,"column":11},"end":{"line":147,"column":11}}]},"18":{"line":154,"type":"if","locations":[{"start":{"line":154,"column":12},"end":{"line":154,"column":12}},{"start":{"line":154,"column":12},"end":{"line":154,"column":12}}]}}}}