TN:
SF:C:\Users\Admin\Desktop\film-api\app\models\film.js
FNF:0
FNH:0
DA:1,1
DA:2,1
DA:5,1
DA:27,1
DA:28,22
DA:29,22
DA:30,1
DA:32,22
DA:36,1
LF:9
LH:9
BRDA:29,1,0,1
BRDA:29,1,1,21
BRF:2
BRH:2
end_of_record
TN:
SF:C:\Users\Admin\Desktop\film-api\server.js
FNF:0
FNH:0
DA:1,1
DA:2,1
DA:3,1
DA:4,1
DA:5,1
DA:6,1
DA:7,1
DA:8,1
DA:12,1
DA:14,1
DA:20,1
DA:21,1
DA:22,1
DA:25,1
DA:27,0
DA:31,1
DA:32,1
DA:33,1
DA:34,1
DA:36,1
DA:38,1
DA:41,1
DA:45,1
DA:47,1
DA:49,1
DA:51,1
DA:54,1
DA:55,1
DA:57,1
LF:29
LH:28
BRDA:25,1,0,0
BRDA:25,1,1,1
BRF:2
BRH:1
end_of_record
TN:
SF:C:\Users\Admin\Desktop\film-api\app\routes\film.js
FN:10,getFilms
FN:27,postFilm
FN:44,getFilm
FN:60,getFilmByTitle
FN:75,getFilmByGenre
FN:90,getFilmByYear
FN:105,getFilmByCertificate
FN:123,deleteFilm
FN:142,updateFilm
FNF:9
FNH:9
FNDA:2,getFilms
FNDA:4,postFilm
FNDA:3,getFilm
FNDA:2,getFilmByTitle
FNDA:2,getFilmByGenre
FNDA:3,getFilmByYear
FNDA:3,getFilmByCertificate
FNDA:3,deleteFilm
FNDA:3,updateFilm
DA:1,1
DA:2,1
DA:5,1
DA:10,1
DA:12,2
DA:13,2
DA:14,2
DA:15,2
DA:16,1
DA:17,1
DA:20,1
DA:27,1
DA:29,4
DA:31,4
DA:32,4
DA:33,2
DA:36,2
DA:44,1
DA:45,3
DA:46,3
DA:47,1
DA:49,2
DA:50,1
DA:51,1
DA:55,1
DA:60,1
DA:62,2
DA:63,2
DA:64,2
DA:65,0
DA:67,2
DA:68,1
DA:69,1
DA:71,1
DA:75,1
DA:77,2
DA:78,2
DA:79,2
DA:80,0
DA:82,2
DA:83,1
DA:84,1
DA:86,1
DA:90,1
DA:92,3
DA:93,3
DA:94,3
DA:95,1
DA:97,2
DA:98,1
DA:99,1
DA:101,2
DA:105,1
DA:107,3
DA:108,3
DA:109,3
DA:110,1
DA:112,2
DA:113,1
DA:114,1
DA:116,2
DA:123,1
DA:124,3
DA:125,3
DA:126,1
DA:128,2
DA:129,1
DA:130,1
DA:132,1
DA:133,1
DA:142,1
DA:143,3
DA:144,3
DA:145,1
DA:147,2
DA:148,1
DA:149,1
DA:153,1
DA:154,1
DA:155,0
DA:156,0
DA:158,1
DA:165,1
LF:83
LH:79
BRDA:14,1,0,0
BRDA:14,1,1,2
BRDA:15,2,0,1
BRDA:15,2,1,1
BRDA:32,3,0,2
BRDA:32,3,1,2
BRDA:46,4,0,1
BRDA:46,4,1,2
BRDA:49,5,0,1
BRDA:49,5,1,1
BRDA:64,6,0,0
BRDA:64,6,1,2
BRDA:67,7,0,1
BRDA:67,7,1,1
BRDA:79,8,0,0
BRDA:79,8,1,2
BRDA:82,9,0,1
BRDA:82,9,1,1
BRDA:94,10,0,1
BRDA:94,10,1,2
BRDA:97,11,0,1
BRDA:97,11,1,1
BRDA:109,12,0,1
BRDA:109,12,1,2
BRDA:112,13,0,1
BRDA:112,13,1,1
BRDA:125,14,0,1
BRDA:125,14,1,2
BRDA:128,15,0,1
BRDA:128,15,1,1
BRDA:144,16,0,1
BRDA:144,16,1,2
BRDA:147,17,0,1
BRDA:147,17,1,1
BRDA:154,18,0,0
BRDA:154,18,1,1
BRF:36
BRH:32
end_of_record
