TN:
SF:C:\Users\Admin\Desktop\film-api\app\models\film.js
FNF:0
FNH:0
DA:1,1
DA:2,1
DA:5,1
DA:27,1
DA:28,9
DA:29,9
DA:30,1
DA:32,9
DA:36,1
LF:9
LH:9
BRDA:29,1,0,1
BRDA:29,1,1,8
BRF:2
BRH:2
end_of_record
TN:
SF:C:\Users\Admin\Desktop\film-api\server.js
FNF:0
FNH:0
DA:1,1
DA:2,1
DA:3,1
DA:4,1
DA:5,1
DA:6,1
DA:7,1
DA:8,1
DA:12,1
DA:14,1
DA:20,1
DA:21,1
DA:22,1
DA:25,1
DA:27,0
DA:31,1
DA:32,1
DA:33,1
DA:34,1
DA:36,1
DA:38,1
DA:41,1
DA:45,1
DA:47,1
DA:49,1
DA:51,1
DA:54,1
DA:55,1
DA:57,1
LF:29
LH:28
BRDA:25,1,0,0
BRDA:25,1,1,1
BRF:2
BRH:1
end_of_record
TN:
SF:C:\Users\Admin\Desktop\film-api\app\routes\film.js
FN:10,getFilms
FN:23,postFilm
FN:40,getFilm
FN:52,getFilmByTitle
FN:62,getFilmByGenre
FN:72,getFilmByYear
FN:82,getFilmByCertificate
FN:95,deleteFilm
FN:104,updateFilm
FNF:9
FNH:9
FNDA:1,getFilms
FNDA:2,postFilm
FNDA:1,getFilm
FNDA:1,getFilmByTitle
FNDA:1,getFilmByGenre
FNDA:1,getFilmByYear
FNDA:1,getFilmByCertificate
FNDA:1,deleteFilm
FNDA:1,updateFilm
DA:1,1
DA:2,1
DA:5,1
DA:10,1
DA:12,1
DA:13,1
DA:14,1
DA:16,1
DA:23,1
DA:25,2
DA:27,2
DA:28,2
DA:29,1
DA:32,1
DA:40,1
DA:41,1
DA:42,1
DA:43,1
DA:44,0
DA:45,0
DA:48,1
DA:52,1
DA:54,1
DA:55,1
DA:56,1
DA:58,1
DA:62,1
DA:64,1
DA:65,1
DA:66,1
DA:68,1
DA:72,1
DA:74,1
DA:75,1
DA:76,1
DA:78,1
DA:82,1
DA:84,1
DA:85,1
DA:86,1
DA:88,1
DA:95,1
DA:96,1
DA:97,1
DA:104,1
DA:105,1
DA:106,1
DA:107,1
DA:108,1
DA:109,1
DA:115,1
LF:51
LH:49
BRDA:14,1,0,0
BRDA:14,1,1,1
BRDA:28,2,0,1
BRDA:28,2,1,1
BRDA:42,3,0,0
BRDA:42,3,1,1
BRDA:43,4,0,0
BRDA:43,4,1,1
BRDA:56,5,0,0
BRDA:56,5,1,1
BRDA:66,6,0,0
BRDA:66,6,1,1
BRDA:76,7,0,0
BRDA:76,7,1,1
BRDA:86,8,0,0
BRDA:86,8,1,1
BRDA:106,9,0,0
BRDA:106,9,1,1
BRDA:108,10,0,0
BRDA:108,10,1,1
BRF:20
BRH:11
end_of_record
